<?xml version="1.0" encoding="UTF-8"?>
<testsuite xmlns:xsi="http://www.w3.org/2001/XMLSchema-instance" xsi:noNamespaceSchemaLocation="https://maven.apache.org/surefire/maven-surefire-plugin/xsd/surefire-test-report.xsd" name="CalculatorControllerTest" time="0.012" tests="4" errors="0" skipped="0" failures="0">
  <properties>
[...]
</properties>
  <testcase name="test should return 15 when loading file number 1" classname="controller.CalculatorControllerTest" time="0.005"/>
  <testcase name="test should return 45 when loading file number 2" classname="controller.CalculatorControllerTest" time="0.001"/>
  <testcase name="test should return 24 when loading file number 3" classname="controller.CalculatorControllerTest" time="0.002"/>
  <testcase name="test should return 120 when loading file number 4" classname="controller.CalculatorControllerTest" time="0.002"/>
</testsuite>